Started by user admin
Running as SYSTEM
Building in workspace /var/jenkins_home/workspace/e_commerce
[WS-CLEANUP] Deleting project workspace...
[WS-CLEANUP] Deferred wipeout is used...
[WS-CLEANUP] Done
The recommended git tool is: NONE
using credential d066203d-5eef-4f15-8450-191e81a36470
Cloning the remote Git repository
Cloning repository https://github.com/jacksondieter/e_commerce_spring
 > git init /var/jenkins_home/workspace/e_commerce # timeout=10
Fetching upstream changes from https://github.com/jacksondieter/e_commerce_spring
 > git --version # timeout=10
 > git --version # 'git version 2.36.2'
using GIT_SSH to set credentials
Verifying host key using known hosts file
You're using 'Known hosts file' strategy to verify ssh host keys, but your known_hosts file does not exist, please go to 'Manage Jenkins' -> 'Configure Global Security' -> 'Git Host Key Verification Configuration' and configure host key verification.
 > git fetch --tags --force --progress -- https://github.com/jacksondieter/e_commerce_spring +refs/heads/*:refs/remotes/origin/* # timeout=10
 > git config remote.origin.url https://github.com/jacksondieter/e_commerce_spring # timeout=10
 > git config --add remote.origin.fetch +refs/heads/*:refs/remotes/origin/* # timeout=10
Avoid second fetch
 > git rev-parse refs/remotes/origin/main^{commit} # timeout=10
Checking out Revision f17619e6d2d006ad9e77e207c5df5c2abb3658a4 (refs/remotes/origin/main)
 > git config core.sparsecheckout # timeout=10
 > git checkout -f f17619e6d2d006ad9e77e207c5df5c2abb3658a4 # timeout=10
Commit message: "jwd-nd-p04: Add dockers"
 > git rev-list --no-walk 0ba64e765e9c4736278050e8958e76c4dc9ea2a0 # timeout=10
[e_commerce] $ /var/jenkins_home/tools/hudson.tasks.Maven_MavenInstallation/Maven_3.8.5/bin/mvn -f starter_code/pom.xml clean compile package
[INFO] Scanning for projects...
[INFO]
[INFO] ------------------------< com.example:starter >-------------------------
[INFO] Building auth-course 0.0.1
[INFO] --------------------------------[ war ]---------------------------------
[INFO]
[INFO] --- maven-clean-plugin:3.1.0:clean (default-clean) @ starter ---
[INFO] Deleting /var/jenkins_home/workspace/e_commerce/starter_code/target
[INFO]
[INFO] --- maven-resources-plugin:3.1.0:resources (default-resources) @ starter ---
[INFO] Using 'UTF-8' encoding to copy filtered resources.
[INFO] Copying 1 resource
[INFO] Copying 1 resource
[INFO]
[INFO] --- maven-compiler-plugin:3.8.1:compile (default-compile) @ starter ---
[INFO] Changes detected - recompiling the module!
[INFO] Compiling 20 source files to /var/jenkins_home/workspace/e_commerce/starter_code/target/classes
[INFO]
[INFO] --- maven-resources-plugin:3.1.0:resources (default-resources) @ starter ---
[INFO] Using 'UTF-8' encoding to copy filtered resources.
[INFO] Copying 1 resource
[INFO] Copying 1 resource
[INFO]
[INFO] --- maven-compiler-plugin:3.8.1:compile (default-compile) @ starter ---
[INFO] Changes detected - recompiling the module!
[INFO] Compiling 20 source files to /var/jenkins_home/workspace/e_commerce/starter_code/target/classes
[INFO]
[INFO] --- maven-resources-plugin:3.1.0:testResources (default-testResources) @ starter ---
[INFO] Using 'UTF-8' encoding to copy filtered resources.
[INFO] Copying 1 resource
[INFO]
[INFO] --- maven-compiler-plugin:3.8.1:testCompile (default-testCompile) @ starter ---
[INFO] Changes detected - recompiling the module!
[INFO] Compiling 7 source files to /var/jenkins_home/workspace/e_commerce/starter_code/target/test-classes
[INFO] /var/jenkins_home/workspace/e_commerce/starter_code/src/test/java/com/example/demo/TestUtils.java: /var/jenkins_home/workspace/e_commerce/starter_code/src/test/java/com/example/demo/TestUtils.java uses or overrides a deprecated API.
[INFO] /var/jenkins_home/workspace/e_commerce/starter_code/src/test/java/com/example/demo/TestUtils.java: Recompile with -Xlint:deprecation for details.
[INFO]
[INFO] --- maven-surefire-plugin:2.22.2:test (default-test) @ starter ---
[INFO]
[INFO] -------------------------------------------------------
[INFO]  T E S T S
[INFO] -------------------------------------------------------
[INFO] Running com.example.demo.EcommerceApplicationTests
20:22:05.896 [main] DEBUG org.springframework.test.context.junit4.SpringJUnit4ClassRunner - SpringJUnit4ClassRunner constructor called with [class com.example.demo.EcommerceApplicationTests]
20:22:05.898 [main] DEBUG org.springframework.test.context.BootstrapUtils - Instantiating CacheAwareContextLoaderDelegate from class [org.springframework.test.context.cache.DefaultCacheAwareContextLoaderDelegate]
20:22:05.901 [main] DEBUG org.springframework.test.context.BootstrapUtils - Instantiating BootstrapContext using constructor [public org.springframework.test.context.support.DefaultBootstrapContext(java.lang.Class,org.springframework.test.context.CacheAwareContextLoaderDelegate)]
20:22:05.910 [main] DEBUG org.springframework.test.context.BootstrapUtils - Instantiating TestContextBootstrapper for test class [com.example.demo.EcommerceApplicationTests] from class [org.springframework.boot.test.context.SpringBootTestContextBootstrapper]
20:22:05.915 [main] INFO org.springframework.boot.test.context.SpringBootTestContextBootstrapper - Neither @ContextConfiguration nor @ContextHierarchy found for test class [com.example.demo.EcommerceApplicationTests], using SpringBootContextLoader
20:22:05.917 [main] DEBUG org.springframework.test.context.support.AbstractContextLoader - Did not detect default resource location for test class [com.example.demo.EcommerceApplicationTests]: class path resource [com/example/demo/EcommerceApplicationTests-context.xml] does not exist
20:22:05.917 [main] DEBUG org.springframework.test.context.support.AbstractContextLoader - Did not detect default resource location for test class [com.example.demo.EcommerceApplicationTests]: class path resource [com/example/demo/EcommerceApplicationTestsContext.groovy] does not exist
20:22:05.917 [main] INFO org.springframework.test.context.support.AbstractContextLoader - Could not detect default resource locations for test class [com.example.demo.EcommerceApplicationTests]: no resource found for suffixes {-context.xml, Context.groovy}.
20:22:05.936 [main] DEBUG org.springframework.test.context.support.ActiveProfilesUtils - Could not find an 'annotation declaring class' for annotation type [org.springframework.test.context.ActiveProfiles] and class [com.example.demo.EcommerceApplicationTests]
20:22:06.000 [main] DEBUG org.springframework.boot.test.context.SpringBootTestContextBootstrapper - @TestExecutionListeners is not present for class [com.example.demo.EcommerceApplicationTests]: using defaults.
20:22:06.000 [main] INFO org.springframework.boot.test.context.SpringBootTestContextBootstrapper - Loaded default TestExecutionListener class names from location [META-INF/spring.factories]: [org.springframework.boot.test.mock.mockito.MockitoTestExecutionListener, org.springframework.boot.test.mock.mockito.ResetMocksTestExecutionListener, org.springframework.boot.test.autoconfigure.restdocs.RestDocsTestExecutionListener, org.springframework.boot.test.autoconfigure.web.client.MockRestServiceServerResetTestExecutionListener, org.springframework.boot.test.autoconfigure.web.servlet.MockMvcPrintOnlyOnFailureTestExecutionListener, org.springframework.boot.test.autoconfigure.web.servlet.WebDriverTestExecutionListener, org.springframework.test.context.web.ServletTestExecutionListener, org.springframework.test.context.support.DirtiesContextBeforeModesTestExecutionListener, org.springframework.test.context.support.DependencyInjectionTestExecutionListener, org.springframework.test.context.support.DirtiesContextTestExecutionListener, org.springframework.test.context.transaction.TransactionalTestExecutionListener, org.springframework.test.context.jdbc.SqlScriptsTestExecutionListener, org.springframework.security.test.context.support.WithSecurityContextTestExecutionListener, org.springframework.security.test.context.support.ReactorContextTestExecutionListener]
20:22:06.008 [main] INFO org.springframework.boot.test.context.SpringBootTestContextBootstrapper - Using TestExecutionListeners: [org.springframework.test.context.web.ServletTestExecutionListener@1787f2a0, org.springframework.test.context.support.DirtiesContextBeforeModesTestExecutionListener@7de62196, org.springframework.boot.test.mock.mockito.MockitoTestExecutionListener@163370c2, org.springframework.boot.test.autoconfigure.SpringBootDependencyInjectionTestExecutionListener@51bf5add, org.springframework.test.context.support.DirtiesContextTestExecutionListener@7905a0b8, org.springframework.test.context.transaction.TransactionalTestExecutionListener@35a3d49f, org.springframework.test.context.jdbc.SqlScriptsTestExecutionListener@389b0789, org.springframework.security.test.context.support.WithSecurityContextTestExecutionListener@13d9cbf5, org.springframework.security.test.context.support.ReactorContextTestExecutionListener@478db956, org.springframework.boot.test.mock.mockito.ResetMocksTestExecutionListener@6ca18a14, org.springframework.boot.test.autoconfigure.restdocs.RestDocsTestExecutionListener@c667f46, org.springframework.boot.test.autoconfigure.web.client.MockRestServiceServerResetTestExecutionListener@51bd8b5c, org.springframework.boot.test.autoconfigure.web.servlet.MockMvcPrintOnlyOnFailureTestExecutionListener@7b50df34, org.springframework.boot.test.autoconfigure.web.servlet.WebDriverTestExecutionListener@1b410b60]
20:22:06.009 [main] DEBUG org.springframework.test.annotation.ProfileValueUtils - Retrieved @ProfileValueSourceConfiguration [null] for test class [com.example.demo.EcommerceApplicationTests]
20:22:06.009 [main] DEBUG org.springframework.test.annotation.ProfileValueUtils - Retrieved ProfileValueSource type [class org.springframework.test.annotation.SystemProfileValueSource] for class [com.example.demo.EcommerceApplicationTests]
20:22:06.010 [main] DEBUG org.springframework.test.annotation.ProfileValueUtils - Retrieved @ProfileValueSourceConfiguration [null] for test class [com.example.demo.EcommerceApplicationTests]
20:22:06.010 [main] DEBUG org.springframework.test.annotation.ProfileValueUtils - Retrieved ProfileValueSource type [class org.springframework.test.annotation.SystemProfileValueSource] for class [com.example.demo.EcommerceApplicationTests]
20:22:06.010 [main] DEBUG org.springframework.test.annotation.ProfileValueUtils - Retrieved @ProfileValueSourceConfiguration [null] for test class [com.example.demo.EcommerceApplicationTests]
20:22:06.010 [main] DEBUG org.springframework.test.annotation.ProfileValueUtils - Retrieved ProfileValueSource type [class org.springframework.test.annotation.SystemProfileValueSource] for class [com.example.demo.EcommerceApplicationTests]
20:22:06.012 [main] DEBUG org.springframework.test.context.support.AbstractDirtiesContextTestExecutionListener - Before test class: context [DefaultTestContext@205d38da testClass = EcommerceApplicationTests, testInstance = [null], testMethod = [null], testException = [null], mergedContextConfiguration = [WebMergedContextConfiguration@6950ed69 testClass = EcommerceApplicationTests, locations = '{}', classes = '{class com.example.demo.EcommerceApplication, class com.example.demo.EcommerceApplication}', contextInitializerClasses = '[]', activeProfiles = '{}', propertySourceLocations = '{}', propertySourceProperties = '{org.springframework.boot.test.context.SpringBootTestContextBootstrapper=true}', contextCustomizers = set[org.springframework.boot.test.context.filter.ExcludeFilterContextCustomizer@6ab778a, org.springframework.boot.test.json.DuplicateJsonObjectContextCustomizerFactory$DuplicateJsonObjectContextCustomizer@1dac5ef, org.springframework.boot.test.mock.mockito.MockitoContextCustomizer@0, org.springframework.boot.test.web.client.TestRestTemplateContextCustomizer@2f465398, org.springframework.boot.test.autoconfigure.properties.PropertyMappingContextCustomizer@0, org.springframework.boot.test.autoconfigure.web.servlet.WebDriverContextCustomizerFactory$Customizer@f2ff811], resourceBasePath = 'src/main/webapp', contextLoader = 'org.springframework.boot.test.context.SpringBootContextLoader', parent = [null]], attributes = map['org.springframework.test.context.web.ServletTestExecutionListener.activateListener' -> true]], class annotated with @DirtiesContext [false] with mode [null].
20:22:06.012 [main] DEBUG org.springframework.test.annotation.ProfileValueUtils - Retrieved @ProfileValueSourceConfiguration [null] for test class [com.example.demo.EcommerceApplicationTests]
20:22:06.012 [main] DEBUG org.springframework.test.annotation.ProfileValueUtils - Retrieved ProfileValueSource type [class org.springframework.test.annotation.SystemProfileValueSource] for class [com.example.demo.EcommerceApplicationTests]
20:22:06.024 [main] DEBUG org.springframework.test.context.support.TestPropertySourceUtils - Adding inlined properties to environment: {spring.jmx.enabled=false, org.springframework.boot.test.context.SpringBootTestContextBootstrapper=true, server.port=-1}

  .   ____          _            __ _ _
 /\\ / ___'_ __ _ _(_)_ __  __ _ \ \ \ \
( ( )\___ | '_ | '_| | '_ \/ _` | \ \ \ \
 \\/  ___)| |_)| | | | | || (_| |  ) ) ) )
  '  |____| .__|_| |_|_| |_\__, | / / / /
 =========|_|==============|___/=/_/_/_/
 :: Spring Boot ::        (v2.1.5.RELEASE)

2023-03-20 20:22:06.197  INFO 4209 --- [           main] c.e.demo.EcommerceApplicationTests       : Starting EcommerceApplicationTests on 38b830364294 with PID 4209 (started by root in /var/jenkins_home/workspace/e_commerce/starter_code)
2023-03-20 20:22:06.198  INFO 4209 --- [           main] c.e.demo.EcommerceApplicationTests       : No active profile set, falling back to default profiles: default
2023-03-20 20:22:06.493  INFO 4209 --- [           main] .s.d.r.c.RepositoryConfigurationDelegate : Bootstrapping Spring Data repositories in DEFAULT mode.
2023-03-20 20:22:06.542  INFO 4209 --- [           main] .s.d.r.c.RepositoryConfigurationDelegate : Finished Spring Data repository scanning in 44ms. Found 4 repository interfaces.
2023-03-20 20:22:06.878  INFO 4209 --- [           main] trationDelegate$BeanPostProcessorChecker : Bean 'org.springframework.transaction.annotation.ProxyTransactionManagementConfiguration' of type [org.springframework.transaction.annotation.ProxyTransactionManagementConfiguration$$EnhancerBySpringCGLIB$$9d6e248b] is not eligible for getting processed by all BeanPostProcessors (for example: not eligible for auto-proxying)
2023-03-20 20:22:07.020  INFO 4209 --- [           main] com.zaxxer.hikari.HikariDataSource       : HikariPool-1 - Starting...
2023-03-20 20:22:07.118  INFO 4209 --- [           main] com.zaxxer.hikari.HikariDataSource       : HikariPool-1 - Start completed.
2023-03-20 20:22:07.169  INFO 4209 --- [           main] o.hibernate.jpa.internal.util.LogHelper  : HHH000204: Processing PersistenceUnitInfo [
	name: default
	...]
2023-03-20 20:22:07.206  INFO 4209 --- [           main] org.hibernate.Version                    : HHH000412: Hibernate Core {5.3.10.Final}
2023-03-20 20:22:07.207  INFO 4209 --- [           main] org.hibernate.cfg.Environment            : HHH000206: hibernate.properties not found
2023-03-20 20:22:07.295  INFO 4209 --- [           main] o.hibernate.annotations.common.Version   : HCANN000001: Hibernate Commons Annotations {5.0.4.Final}
2023-03-20 20:22:07.385  INFO 4209 --- [           main] org.hibernate.dialect.Dialect            : HHH000400: Using dialect: org.hibernate.dialect.H2Dialect
2023-03-20 20:22:07.727  INFO 4209 --- [           main] org.hibernate.tuple.PojoInstantiator     : HHH000182: No default (no-argument) constructor for class: com.example.demo.model.persistence.Item (class must be instantiated by Interceptor)
2023-03-20 20:22:07.813  INFO 4209 --- [           main] o.h.t.schema.internal.SchemaCreatorImpl  : HHH000476: Executing import script 'org.hibernate.tool.schema.internal.exec.ScriptSourceInputNonExistentImpl@7d5ef1c3'
2023-03-20 20:22:07.815  INFO 4209 --- [           main] j.LocalContainerEntityManagerFactoryBean : Initialized JPA EntityManagerFactory for persistence unit 'default'
2023-03-20 20:22:08.301  WARN 4209 --- [           main] aWebConfiguration$JpaWebMvcConfiguration : spring.jpa.open-in-view is enabled by default. Therefore, database queries may be performed during view rendering. Explicitly configure spring.jpa.open-in-view to disable this warning
2023-03-20 20:22:08.406  INFO 4209 --- [           main] o.s.s.web.DefaultSecurityFilterChain     : Creating filter chain: any request, [org.springframework.security.web.context.request.async.WebAsyncManagerIntegrationFilter@48bab2c6, org.springframework.security.web.context.SecurityContextPersistenceFilter@320e179f, org.springframework.security.web.header.HeaderWriterFilter@349996a6, org.springframework.web.filter.CorsFilter@6ad26381, org.springframework.security.web.authentication.logout.LogoutFilter@5a99543b, com.example.demo.security.JWTAuthenticationFilter@4b20aa21, com.example.demo.security.JWTAuthenticationVerificationFilter@f5167f0, org.springframework.security.web.savedrequest.RequestCacheAwareFilter@486dd616, org.springframework.security.web.servletapi.SecurityContextHolderAwareRequestFilter@38d4488c, org.springframework.security.web.authentication.AnonymousAuthenticationFilter@1260c85e, org.springframework.security.web.session.SessionManagementFilter@67292fc7, org.springframework.security.web.access.ExceptionTranslationFilter@33827b88, org.springframework.security.web.access.intercept.FilterSecurityInterceptor@68b3979d]
2023-03-20 20:22:08.760  INFO 4209 --- [           main] o.s.s.concurrent.ThreadPoolTaskExecutor  : Initializing ExecutorService 'applicationTaskExecutor'
2023-03-20 20:22:08.951  INFO 4209 --- [           main] c.e.demo.EcommerceApplicationTests       : Started EcommerceApplicationTests in 2.924 seconds (JVM running for 3.323)
2023-03-20 20:22:09.099  INFO 4209 --- [           main] c.e.demo.controllers.UserController      : User controller createUser
2023-03-20 20:22:09.104  INFO 4209 --- [           main] c.e.demo.controllers.UserController      : User controller findByUserName
2023-03-20 20:22:09.104  INFO 4209 --- [           main] c.e.demo.controllers.UserController      : user controller findById
2023-03-20 20:22:09.105  INFO 4209 --- [           main] c.e.demo.controllers.UserController      : User controller createUser
2023-03-20 20:22:09.105 ERROR 4209 --- [           main] c.e.demo.controllers.UserController      : Error - Either length is less than 7 or pass and conf pass do not match. Unable to create test
2023-03-20 20:22:09.120  INFO 4209 --- [           main] c.e.demo.controllers.ItemController      : item controller getItems
2023-03-20 20:22:09.121  INFO 4209 --- [           main] c.e.demo.controllers.ItemController      : item controller getItemByName
2023-03-20 20:22:09.121  INFO 4209 --- [           main] c.e.demo.controllers.ItemController      : item controller getItemById
2023-03-20 20:22:09.122  INFO 4209 --- [           main] c.e.demo.controllers.CartController      : cart controller removeFromCart
2023-03-20 20:22:09.122  INFO 4209 --- [           main] c.e.demo.controllers.CartController      : cart controller removeFromCart
2023-03-20 20:22:09.123  INFO 4209 --- [           main] c.e.demo.controllers.CartController      : cart controller removeFromCart
2023-03-20 20:22:09.123  INFO 4209 --- [           main] c.e.demo.controllers.CartController      : cart controller addToCart
2023-03-20 20:22:09.123  INFO 4209 --- [           main] c.e.demo.controllers.CartController      : cart controller addToCart
2023-03-20 20:22:09.124  INFO 4209 --- [           main] c.e.demo.controllers.CartController      : cart controller removeFromCart
2023-03-20 20:22:09.124  INFO 4209 --- [           main] c.e.demo.controllers.CartController      : cart controller addToCart
2023-03-20 20:22:09.140  INFO 4209 --- [           main] c.e.demo.controllers.OrderController     : order controller submit
2023-03-20 20:22:09.140  INFO 4209 --- [           main] c.e.demo.controllers.OrderController     : order controller getOrdersForUser
2023-03-20 20:22:09.141  INFO 4209 --- [           main] c.e.demo.controllers.OrderController     : order controller submit
2023-03-20 20:22:09.141  INFO 4209 --- [           main] c.e.demo.controllers.OrderController     : order controller getOrdersForUser
[INFO] Tests run: 2, Failures: 0, Errors: 0, Skipped: 0, Time elapsed: 3.307 s - in com.example.demo.EcommerceApplicationTests
[INFO] Running com.example.demo.TestSuite
2023-03-20 20:22:09.147  INFO 4209 --- [           main] c.e.demo.controllers.UserController      : User controller createUser
2023-03-20 20:22:09.147  INFO 4209 --- [           main] c.e.demo.controllers.UserController      : User controller findByUserName
2023-03-20 20:22:09.147  INFO 4209 --- [           main] c.e.demo.controllers.UserController      : user controller findById
2023-03-20 20:22:09.147  INFO 4209 --- [           main] c.e.demo.controllers.UserController      : User controller createUser
2023-03-20 20:22:09.147 ERROR 4209 --- [           main] c.e.demo.controllers.UserController      : Error - Either length is less than 7 or pass and conf pass do not match. Unable to create test
2023-03-20 20:22:09.147  INFO 4209 --- [           main] c.e.demo.controllers.ItemController      : item controller getItems
2023-03-20 20:22:09.148  INFO 4209 --- [           main] c.e.demo.controllers.ItemController      : item controller getItemByName
2023-03-20 20:22:09.148  INFO 4209 --- [           main] c.e.demo.controllers.ItemController      : item controller getItemById
2023-03-20 20:22:09.148  INFO 4209 --- [           main] c.e.demo.controllers.CartController      : cart controller removeFromCart
2023-03-20 20:22:09.148  INFO 4209 --- [           main] c.e.demo.controllers.CartController      : cart controller removeFromCart
2023-03-20 20:22:09.148  INFO 4209 --- [           main] c.e.demo.controllers.CartController      : cart controller removeFromCart
2023-03-20 20:22:09.149  INFO 4209 --- [           main] c.e.demo.controllers.CartController      : cart controller addToCart
2023-03-20 20:22:09.149  INFO 4209 --- [           main] c.e.demo.controllers.CartController      : cart controller addToCart
2023-03-20 20:22:09.149  INFO 4209 --- [           main] c.e.demo.controllers.CartController      : cart controller removeFromCart
2023-03-20 20:22:09.150  INFO 4209 --- [           main] c.e.demo.controllers.CartController      : cart controller addToCart
2023-03-20 20:22:09.150  INFO 4209 --- [           main] c.e.demo.controllers.OrderController     : order controller submit
2023-03-20 20:22:09.150  INFO 4209 --- [           main] c.e.demo.controllers.OrderController     : order controller getOrdersForUser
2023-03-20 20:22:09.150  INFO 4209 --- [           main] c.e.demo.controllers.OrderController     : order controller submit
2023-03-20 20:22:09.151  INFO 4209 --- [           main] c.e.demo.controllers.OrderController     : order controller getOrdersForUser
[INFO] Tests run: 15, Failures: 0, Errors: 0, Skipped: 0, Time elapsed: 0.001 s - in com.example.demo.TestSuite
[INFO] Running com.example.demo.controller.OrderControllerTest
2023-03-20 20:22:09.151  INFO 4209 --- [           main] c.e.demo.controllers.OrderController     : order controller submit
2023-03-20 20:22:09.152  INFO 4209 --- [           main] c.e.demo.controllers.OrderController     : order controller getOrdersForUser
2023-03-20 20:22:09.152  INFO 4209 --- [           main] c.e.demo.controllers.OrderController     : order controller submit
2023-03-20 20:22:09.152  INFO 4209 --- [           main] c.e.demo.controllers.OrderController     : order controller getOrdersForUser
[INFO] Tests run: 4, Failures: 0, Errors: 0, Skipped: 0, Time elapsed: 0 s - in com.example.demo.controller.OrderControllerTest
[INFO] Running com.example.demo.controller.CartControllerTest
2023-03-20 20:22:09.153  INFO 4209 --- [           main] c.e.demo.controllers.CartController      : cart controller removeFromCart
2023-03-20 20:22:09.153  INFO 4209 --- [           main] c.e.demo.controllers.CartController      : cart controller removeFromCart
2023-03-20 20:22:09.153  INFO 4209 --- [           main] c.e.demo.controllers.CartController      : cart controller removeFromCart
2023-03-20 20:22:09.153  INFO 4209 --- [           main] c.e.demo.controllers.CartController      : cart controller addToCart
2023-03-20 20:22:09.154  INFO 4209 --- [           main] c.e.demo.controllers.CartController      : cart controller addToCart
2023-03-20 20:22:09.154  INFO 4209 --- [           main] c.e.demo.controllers.CartController      : cart controller removeFromCart
2023-03-20 20:22:09.154  INFO 4209 --- [           main] c.e.demo.controllers.CartController      : cart controller addToCart
[INFO] Tests run: 6, Failures: 0, Errors: 0, Skipped: 0, Time elapsed: 0 s - in com.example.demo.controller.CartControllerTest
[INFO] Running com.example.demo.controller.UserControllerTest
2023-03-20 20:22:09.155  INFO 4209 --- [           main] c.e.demo.controllers.UserController      : User controller createUser
2023-03-20 20:22:09.155  INFO 4209 --- [           main] c.e.demo.controllers.UserController      : User controller findByUserName
2023-03-20 20:22:09.155  INFO 4209 --- [           main] c.e.demo.controllers.UserController      : user controller findById
2023-03-20 20:22:09.155  INFO 4209 --- [           main] c.e.demo.controllers.UserController      : User controller createUser
2023-03-20 20:22:09.155 ERROR 4209 --- [           main] c.e.demo.controllers.UserController      : Error - Either length is less than 7 or pass and conf pass do not match. Unable to create test
[INFO] Tests run: 2, Failures: 0, Errors: 0, Skipped: 0, Time elapsed: 0 s - in com.example.demo.controller.UserControllerTest
[INFO] Running com.example.demo.controller.ItemControllerTest
2023-03-20 20:22:09.156  INFO 4209 --- [           main] c.e.demo.controllers.ItemController      : item controller getItems
2023-03-20 20:22:09.156  INFO 4209 --- [           main] c.e.demo.controllers.ItemController      : item controller getItemByName
2023-03-20 20:22:09.156  INFO 4209 --- [           main] c.e.demo.controllers.ItemController      : item controller getItemById
[INFO] Tests run: 3, Failures: 0, Errors: 0, Skipped: 0, Time elapsed: 0 s - in com.example.demo.controller.ItemControllerTest
2023-03-20 20:22:09.170  INFO 4209 --- [       Thread-2] o.s.s.concurrent.ThreadPoolTaskExecutor  : Shutting down ExecutorService 'applicationTaskExecutor'
2023-03-20 20:22:09.172  INFO 4209 --- [       Thread-2] j.LocalContainerEntityManagerFactoryBean : Closing JPA EntityManagerFactory for persistence unit 'default'
2023-03-20 20:22:09.172  INFO 4209 --- [       Thread-2] .SchemaDropperImpl$DelayedDropActionImpl : HHH000477: Starting delayed evictData of schema as part of SessionFactory shut-down'
2023-03-20 20:22:09.176  INFO 4209 --- [       Thread-2] com.zaxxer.hikari.HikariDataSource       : HikariPool-1 - Shutdown initiated...
2023-03-20 20:22:09.178  INFO 4209 --- [       Thread-2] com.zaxxer.hikari.HikariDataSource       : HikariPool-1 - Shutdown completed.
[INFO]
[INFO] Results:
[INFO]
[INFO] Tests run: 32, Failures: 0, Errors: 0, Skipped: 0
[INFO]
[INFO]
[INFO] --- maven-war-plugin:3.2.2:war (default-war) @ starter ---
[INFO] Packaging webapp
[INFO] Assembling webapp [starter] in [/var/jenkins_home/workspace/e_commerce/starter_code/target/starter-0.0.1]
[INFO] Processing war project
[INFO] Webapp assembled in [51 msecs]
[INFO] Building war: /var/jenkins_home/workspace/e_commerce/starter_code/target/starter-0.0.1.war
[INFO]
[INFO] --- spring-boot-maven-plugin:2.1.5.RELEASE:repackage (repackage) @ starter ---
[INFO] Replacing main artifact with repackaged archive
[INFO] ------------------------------------------------------------------------
[INFO] BUILD SUCCESS
[INFO] ------------------------------------------------------------------------
[INFO] Total time:  7.515 s
[INFO] Finished at: 2023-03-20T20:22:10Z
[INFO] ------------------------------------------------------------------------
[DeployPublisher][INFO] Attempting to deploy 1 war file(s)
[DeployPublisher][INFO] Deploying /var/jenkins_home/workspace/e_commerce/starter_code/target/starter-0.0.1.war to container Tomcat 9.x Remote with context myApp
  Redeploying [/var/jenkins_home/workspace/e_commerce/starter_code/target/starter-0.0.1.war]
  Undeploying [/var/jenkins_home/workspace/e_commerce/starter_code/target/starter-0.0.1.war]
  Deploying [/var/jenkins_home/workspace/e_commerce/starter_code/target/starter-0.0.1.war]
Finished: SUCCESS